<?xml version="1.0" encoding="UTF-8"?>
<!-- Generated by org.testng.reporters.JUnitReportReporter -->
<testsuite skipped="0" hostname="ITSWAYAMB460" name="com.demoaut.newtours.testcases.LoginTest" tests="1" failures="0" timestamp="11 Jan 2019 14:35:42 GMT" time="3.928" errors="0">
  <testcase name="loginToMercuryTours" time="3.928" classname="com.demoaut.newtours.testcases.LoginTest"/>
</testsuite> <!-- com.demoaut.newtours.testcases.LoginTest -->
