<?xml version="1.0" encoding="UTF-8"?>
<!-- Generated by org.testng.reporters.JUnitReportReporter -->
<testsuite skipped="0" hostname="ITSWAYAMB460" name="com.demoaut.newtours.testcases.LoginTest" tests="3" failures="0" timestamp="23 Jan 2019 22:03:29 GMT" time="5.803" errors="0">
  <testcase name="loginToMercuryTours" time="4.192" classname="com.demoaut.newtours.testcases.LoginTest"/>
  <testcase name="findFlightTest" time="0.963" classname="com.demoaut.newtours.testcases.LoginTest"/>
  <testcase name="selectFlightTest" time="0.648" classname="com.demoaut.newtours.testcases.LoginTest"/>
</testsuite> <!-- com.demoaut.newtours.testcases.LoginTest -->
